  Word.cpp
D:\Installs\Word-Search-Generator-main\Word-Search-Generator-main\src\header\Word.h(12,17): warning C4251: 'Word::word': 'std::vector<char,std::allocator<char>>' needs to have dll-interface to be used by clients of 'Word'
  (compiling source file 'D:/Installs/Word-Search-Generator-main/Word-Search-Generator-main/src/Word.cpp')
      D:\Program Files\Microsoft Visual Studio\2022\Community\VC\Tools\MSVC\14.42.34433\include\vector(429,7):
      see declaration of 'std::vector<char,std::allocator<char>>'
  
D:\Installs\Word-Search-Generator-main\Word-Search-Generator-main\src\Word.cpp(9,29): warning C4267: '=': conversion from 'size_t' to 'unsigned int', possible loss of data
  (compiling source file 'D:/Installs/Word-Search-Generator-main/Word-Search-Generator-main/src/Word.cpp')
  
D:\Installs\Word-Search-Generator-main\Word-Search-Generator-main\src\Word.cpp(12,21): warning C4018: '<': signed/unsigned mismatch
  (compiling source file 'D:/Installs/Word-Search-Generator-main/Word-Search-Generator-main/src/Word.cpp')
  
D:\Installs\Word-Search-Generator-main\Word-Search-Generator-main\src\Word.cpp(18,29): warning C4267: '=': conversion from 'size_t' to 'unsigned int', possible loss of data
  (compiling source file 'D:/Installs/Word-Search-Generator-main/Word-Search-Generator-main/src/Word.cpp')
  
D:\Installs\Word-Search-Generator-main\Word-Search-Generator-main\src\Word.cpp(21,21): warning C4018: '<': signed/unsigned mismatch
  (compiling source file 'D:/Installs/Word-Search-Generator-main/Word-Search-Generator-main/src/Word.cpp')
  
  WordList.cpp
D:\Installs\Word-Search-Generator-main\Word-Search-Generator-main\src\header\Word.h(12,17): warning C4251: 'Word::word': 'std::vector<char,std::allocator<char>>' needs to have dll-interface to be used by clients of 'Word'
  (compiling source file 'D:/Installs/Word-Search-Generator-main/Word-Search-Generator-main/src/WordList.cpp')
      D:\Program Files\Microsoft Visual Studio\2022\Community\VC\Tools\MSVC\14.42.34433\include\vector(429,7):
      see declaration of 'std::vector<char,std::allocator<char>>'
  
D:\Installs\Word-Search-Generator-main\Word-Search-Generator-main\src\header\WordList.h(12,17): warning C4251: 'WordList::wordList': 'std::vector<Word,std::allocator<Word>>' needs to have dll-interface to be used by clients of 'WordList'
  (compiling source file 'D:/Installs/Word-Search-Generator-main/Word-Search-Generator-main/src/WordList.cpp')
      D:\Program Files\Microsoft Visual Studio\2022\Community\VC\Tools\MSVC\14.42.34433\include\vector(429,7):
      see declaration of 'std::vector<Word,std::allocator<Word>>'
  
  WordSearch.cpp
D:\Installs\Word-Search-Generator-main\Word-Search-Generator-main\src\header\Word.h(12,17): warning C4251: 'Word::word': 'std::vector<char,std::allocator<char>>' needs to have dll-interface to be used by clients of 'Word'
  (compiling source file 'D:/Installs/Word-Search-Generator-main/Word-Search-Generator-main/src/WordSearch.cpp')
      D:\Program Files\Microsoft Visual Studio\2022\Community\VC\Tools\MSVC\14.42.34433\include\vector(429,7):
      see declaration of 'std::vector<char,std::allocator<char>>'
  
D:\Installs\Word-Search-Generator-main\Word-Search-Generator-main\src\header\WordList.h(12,17): warning C4251: 'WordList::wordList': 'std::vector<Word,std::allocator<Word>>' needs to have dll-interface to be used by clients of 'WordList'
  (compiling source file 'D:/Installs/Word-Search-Generator-main/Word-Search-Generator-main/src/WordSearch.cpp')
      D:\Program Files\Microsoft Visual Studio\2022\Community\VC\Tools\MSVC\14.42.34433\include\vector(429,7):
      see declaration of 'std::vector<Word,std::allocator<Word>>'
  
D:\Installs\Word-Search-Generator-main\Word-Search-Generator-main\src\header\WordSearch.h(12,25): warning C4251: 'WordSearch::wordsearch': 'std::vector<std::vector<char,std::allocator<char>>,std::allocator<std::vector<char,std::allocator<char>>>>' needs to have dll-interface to be used by clients of 'WordSearch'
  (compiling source file 'D:/Installs/Word-Search-Generator-main/Word-Search-Generator-main/src/WordSearch.cpp')
      D:\Program Files\Microsoft Visual Studio\2022\Community\VC\Tools\MSVC\14.42.34433\include\vector(429,7):
      see declaration of 'std::vector<std::vector<char,std::allocator<char>>,std::allocator<std::vector<char,std::allocator<char>>>>'
  
D:\Installs\Word-Search-Generator-main\Word-Search-Generator-main\src\header\WordSearch.h(13,25): warning C4251: 'WordSearch::writtenOver': 'std::vector<std::vector<bool,std::allocator<bool>>,std::allocator<std::vector<bool,std::allocator<bool>>>>' needs to have dll-interface to be used by clients of 'WordSearch'
  (compiling source file 'D:/Installs/Word-Search-Generator-main/Word-Search-Generator-main/src/WordSearch.cpp')
      D:\Program Files\Microsoft Visual Studio\2022\Community\VC\Tools\MSVC\14.42.34433\include\vector(429,7):
      see declaration of 'std::vector<std::vector<bool,std::allocator<bool>>,std::allocator<std::vector<bool,std::allocator<bool>>>>'
  
D:\Installs\Word-Search-Generator-main\Word-Search-Generator-main\src\WordSearch.cpp(12,14): warning C4244: 'argument': conversion from 'time_t' to 'unsigned int', possible loss of data
  (compiling source file 'D:/Installs/Word-Search-Generator-main/Word-Search-Generator-main/src/WordSearch.cpp')
  
D:\Installs\Word-Search-Generator-main\Word-Search-Generator-main\src\WordSearch.cpp(64,14): warning C4267: 'initializing': conversion from 'size_t' to 'int', possible loss of data
  (compiling source file 'D:/Installs/Word-Search-Generator-main/Word-Search-Generator-main/src/WordSearch.cpp')
  
D:\Installs\Word-Search-Generator-main\Word-Search-Generator-main\src\WordSearch.cpp(66,14): warning C4244: 'argument': conversion from 'time_t' to 'unsigned int', possible loss of data
  (compiling source file 'D:/Installs/Word-Search-Generator-main/Word-Search-Generator-main/src/WordSearch.cpp')
  
D:\Installs\Word-Search-Generator-main\Word-Search-Generator-main\src\WordSearch.cpp(176,14): warning C4267: 'initializing': conversion from 'size_t' to 'int', possible loss of data
  (compiling source file 'D:/Installs/Word-Search-Generator-main/Word-Search-Generator-main/src/WordSearch.cpp')
  
D:\Installs\Word-Search-Generator-main\Word-Search-Generator-main\src\WordSearch.cpp(199,14): warning C4267: 'initializing': conversion from 'size_t' to 'int', possible loss of data
  (compiling source file 'D:/Installs/Word-Search-Generator-main/Word-Search-Generator-main/src/WordSearch.cpp')
  
D:\Installs\Word-Search-Generator-main\Word-Search-Generator-main\src\WordSearch.cpp(222,14): warning C4267: 'initializing': conversion from 'size_t' to 'int', possible loss of data
  (compiling source file 'D:/Installs/Word-Search-Generator-main/Word-Search-Generator-main/src/WordSearch.cpp')
  
D:\Installs\Word-Search-Generator-main\Word-Search-Generator-main\src\WordSearch.cpp(245,14): warning C4267: 'initializing': conversion from 'size_t' to 'int', possible loss of data
  (compiling source file 'D:/Installs/Word-Search-Generator-main/Word-Search-Generator-main/src/WordSearch.cpp')
  
D:\Installs\Word-Search-Generator-main\Word-Search-Generator-main\src\WordSearch.cpp(268,15): warning C4267: 'initializing': conversion from 'size_t' to 'int', possible loss of data
  (compiling source file 'D:/Installs/Word-Search-Generator-main/Word-Search-Generator-main/src/WordSearch.cpp')
  
D:\Installs\Word-Search-Generator-main\Word-Search-Generator-main\src\WordSearch.cpp(269,15): warning C4267: 'initializing': conversion from 'size_t' to 'int', possible loss of data
  (compiling source file 'D:/Installs/Word-Search-Generator-main/Word-Search-Generator-main/src/WordSearch.cpp')
  
D:\Installs\Word-Search-Generator-main\Word-Search-Generator-main\src\WordSearch.cpp(296,15): warning C4267: 'initializing': conversion from 'size_t' to 'int', possible loss of data
  (compiling source file 'D:/Installs/Word-Search-Generator-main/Word-Search-Generator-main/src/WordSearch.cpp')
  
D:\Installs\Word-Search-Generator-main\Word-Search-Generator-main\src\WordSearch.cpp(297,15): warning C4267: 'initializing': conversion from 'size_t' to 'int', possible loss of data
  (compiling source file 'D:/Installs/Word-Search-Generator-main/Word-Search-Generator-main/src/WordSearch.cpp')
  
D:\Installs\Word-Search-Generator-main\Word-Search-Generator-main\src\WordSearch.cpp(320,15): warning C4267: 'initializing': conversion from 'size_t' to 'int', possible loss of data
  (compiling source file 'D:/Installs/Word-Search-Generator-main/Word-Search-Generator-main/src/WordSearch.cpp')
  
D:\Installs\Word-Search-Generator-main\Word-Search-Generator-main\src\WordSearch.cpp(321,15): warning C4267: 'initializing': conversion from 'size_t' to 'int', possible loss of data
  (compiling source file 'D:/Installs/Word-Search-Generator-main/Word-Search-Generator-main/src/WordSearch.cpp')
  
D:\Installs\Word-Search-Generator-main\Word-Search-Generator-main\src\WordSearch.cpp(344,15): warning C4267: 'initializing': conversion from 'size_t' to 'int', possible loss of data
  (compiling source file 'D:/Installs/Word-Search-Generator-main/Word-Search-Generator-main/src/WordSearch.cpp')
  
D:\Installs\Word-Search-Generator-main\Word-Search-Generator-main\src\WordSearch.cpp(345,15): warning C4267: 'initializing': conversion from 'size_t' to 'int', possible loss of data
  (compiling source file 'D:/Installs/Word-Search-Generator-main/Word-Search-Generator-main/src/WordSearch.cpp')
  
  Generating Code...
     Creating library C:\Users\tacop\source\repos\GUI-class\WordDLL\x64\Debug\WordDLL.lib and object C:\Users\tacop\source\repos\GUI-class\WordDLL\x64\Debug\WordDLL.exp
  WordDLL.vcxproj -> C:\Users\tacop\source\repos\GUI-class\WordDLL\x64\Debug\WordDLL.dll
